#
# There is insufficient memory for the Java Runtime Environment to continue.
# Native memory allocation (malloc) failed to allocate 32744 bytes for ChunkPool::allocate
# Possible reasons:
#   The system is out of physical RAM or swap space
#   The process is running with CompressedOops enabled, and the Java Heap may be blocking the growth of the native heap
# Possible solutions:
#   Reduce memory load on the system
#   Increase physical memory or swap space
#   Check if swap backing store is full
#   Decrease Java heap size (-Xmx/-Xms)
#   Decrease number of Java threads
#   Decrease Java thread stack sizes (-Xss)
#   Set larger code cache with -XX:ReservedCodeCacheSize=
#   JVM is running with Unscaled Compressed Oops mode in which the Java heap is
#     placed in the first 4GB address space. The Java Heap base address is the
#     maximum limit for the native heap growth. Please use -XX:HeapBaseMinAddress
#     to set the Java Heap base and to place the Java Heap above 4GB virtual address.
# This output file may be truncated or incomplete.
#
#  Out of Memory Error (arena.cpp:79), pid=17096, tid=10372
#
# JRE version: OpenJDK Runtime Environment (16.0.2+7) (build 16.0.2+7-67)
# Java VM: OpenJDK 64-Bit Server VM (16.0.2+7-67, mixed mode, sharing, tiered, compressed oops, compressed class ptrs, g1 gc, windows-amd64)
# No core dump will be written. Minidumps are not enabled by default on client versions of Windows
#

---------------  S U M M A R Y ------------

Command Line: -XX:TieredStopAtLevel=1 -Xverify:none -Dspring.output.ansi.enabled=always -javaagent:C:\Program Files\JetBrains\IntelliJ IDEA 2021.2\lib\idea_rt.jar=57141:C:\Program Files\JetBrains\IntelliJ IDEA 2021.2\bin -Dcom.sun.management.jmxremote -Dspring.jmx.enabled=true -Dspring.liveBeansView.mbeanDomain -Dspring.application.admin.enabled=true -Dfile.encoding=UTF-8 com.example.hiepphat.HiepphatApplication

Host: Intel(R) Core(TM) i7-6700HQ CPU @ 2.60GHz, 8 cores, 7G,  Windows 10 , 64 bit Build 19041 (10.0.19041.1202)
Time: Fri Sep 24 16:54:18 2021 SE Asia Standard Time elapsed time: 0.574388 seconds (0d 0h 0m 0s)

---------------  T H R E A D  ---------------

Current thread (0x000001cc2cb62f60):  JavaThread "C1 CompilerThread0" daemon [_thread_in_native, id=10372, stack(0x000000057fb00000,0x000000057fc00000)]


Current CompileTask:
C1:    574  414       1       jdk.internal.org.objectweb.asm.Frame::execute (2305 bytes)

Stack: [0x000000057fb00000,0x000000057fc00000]
Native frames: (J=compiled Java code, j=interpreted, Vv=VM code, C=native code)
V  [jvm.dll+0x6681ca]
V  [jvm.dll+0x7c9e69]
V  [jvm.dll+0x7cb61e]
V  [jvm.dll+0x7cbc73]
V  [jvm.dll+0x242c55]
V  [jvm.dll+0xae10f]
V  [jvm.dll+0xae45c]
V  [jvm.dll+0x178227]
V  [jvm.dll+0x176424]
V  [jvm.dll+0x1766ea]
V  [jvm.dll+0x179923]
V  [jvm.dll+0x1331c3]
V  [jvm.dll+0x132a5f]
V  [jvm.dll+0x132c99]
V  [jvm.dll+0x1320ff]
V  [jvm.dll+0x133ec1]
V  [jvm.dll+0x225158]
V  [jvm.dll+0x22319c]
V  [jvm.dll+0x77fa62]
V  [jvm.dll+0x7795aa]
V  [jvm.dll+0x667066]
C  [ucrtbase.dll+0x21bb2]
C  [KERNEL32.DLL+0x17034]
C  [ntdll.dll+0x52651]


---------------  P R O C E S S  ---------------

Threads class SMR info:
_java_thread_list=0x000001cc6e518f00, length=12, elements={
0x000001cc0ebac9c0, 0x000001cc2cb3da20, 0x000001cc2cb3f080, 0x000001cc2cb51380,
0x000001cc2cb52f00, 0x000001cc2cb55fc0, 0x000001cc2cb57070, 0x000001cc2cb62f60,
0x000001cc2cb64050, 0x000001cc2cbde540, 0x000001cc6e5183b0, 0x000001cc6e519a70
}

Java Threads: ( => current thread )
  0x000001cc0ebac9c0 JavaThread "main" [_thread_in_vm, id=16928, stack(0x000000057ee00000,0x000000057ef00000)]
  0x000001cc2cb3da20 JavaThread "Reference Handler" daemon [_thread_blocked, id=8232, stack(0x000000057f500000,0x000000057f600000)]
  0x000001cc2cb3f080 JavaThread "Finalizer" daemon [_thread_blocked, id=12896, stack(0x000000057f600000,0x000000057f700000)]
  0x000001cc2cb51380 JavaThread "Signal Dispatcher" daemon [_thread_blocked, id=3380, stack(0x000000057f700000,0x000000057f800000)]
  0x000001cc2cb52f00 JavaThread "Attach Listener" daemon [_thread_blocked, id=3312, stack(0x000000057f800000,0x000000057f900000)]
  0x000001cc2cb55fc0 JavaThread "Service Thread" daemon [_thread_blocked, id=6916, stack(0x000000057f900000,0x000000057fa00000)]
  0x000001cc2cb57070 JavaThread "Monitor Deflation Thread" daemon [_thread_blocked, id=16816, stack(0x000000057fa00000,0x000000057fb00000)]
=>0x000001cc2cb62f60 JavaThread "C1 CompilerThread0" daemon [_thread_in_native, id=10372, stack(0x000000057fb00000,0x000000057fc00000)]
  0x000001cc2cb64050 JavaThread "Sweeper thread" daemon [_thread_blocked, id=12744, stack(0x000000057fc00000,0x000000057fd00000)]
  0x000001cc2cbde540 JavaThread "Common-Cleaner" daemon [_thread_blocked, id=12796, stack(0x000000057fd00000,0x000000057fe00000)]
  0x000001cc6e5183b0 JavaThread "Monitor Ctrl-Break" daemon [_thread_in_native, id=16276, stack(0x000000057fe00000,0x000000057ff00000)]
  0x000001cc6e519a70 JavaThread "Notification Thread" daemon [_thread_blocked, id=16072, stack(0x000000057ff00000,0x0000000580000000)]

Other Threads:
  0x000001cc2cb39630 VMThread "VM Thread" [stack: 0x000000057f400000,0x000000057f500000] [id=16100]
  0x000001cc0ebec400 GCTaskThread "GC Thread#0" [stack: 0x000000057ef00000,0x000000057f000000] [id=14852]
  0x000001cc0ebfd080 ConcurrentGCThread "G1 Main Marker" [stack: 0x000000057f000000,0x000000057f100000] [id=14676]
  0x000001cc0ebfdaf0 ConcurrentGCThread "G1 Conc#0" [stack: 0x000000057f100000,0x000000057f200000] [id=7900]
  0x000001cc2c9f0090 ConcurrentGCThread "G1 Refine#0" [stack: 0x000000057f200000,0x000000057f300000] [id=2136]
  0x000001cc2c9f0b10 ConcurrentGCThread "G1 Service" [stack: 0x000000057f300000,0x000000057f400000] [id=1388]

Threads with active compile tasks:
C1 CompilerThread0      647  414       1       jdk.internal.org.objectweb.asm.Frame::execute (2305 bytes)

VM state: not at safepoint (normal execution)

VM Mutex/Monitor currently owned by a thread:  ([mutex/lock_event])
[0x000001cc0eba9890] MetaspaceExpand_lock - owner thread: 0x000001cc0ebac9c0

Heap address: 0x0000000081e00000, size: 2018 MB, Compressed Oops mode: 32-bit

CDS archive(s) mapped at: [0x000001cc2cc00000-0x000001cc2d7b0000-0x000001cc2d7b0000), size 12255232, SharedBaseAddress: 0x000001cc2cc00000, ArchiveRelocationMode: 0.
Compressed class space mapped at: 0x000001cc2d800000-0x000001cc6d800000, reserved size: 1073741824
Narrow klass base: 0x000001cc2cc00000, Narrow klass shift: 3, Narrow klass range: 0x100000000

GC Precious Log:
 CPUs: 8 total, 8 available
 Memory: 8071M
 Large Page Support: Disabled
 NUMA Support: Disabled
 Compressed Oops: Enabled (32-bit)
 Heap Region Size: 1M
 Heap Min Capacity: 8M
 Heap Initial Capacity: 128M
 Heap Max Capacity: 2018M
 Pre-touch: Disabled
 Parallel Workers: 8
 Concurrent Workers: 2
 Concurrent Refinement Workers: 8
 Periodic GC: Disabled

Heap:
 garbage-first heap   total 131072K, used 9216K [0x0000000081e00000, 0x0000000100000000)
  region size 1024K, 9 young (9216K), 0 survivors (0K)
 Metaspace       used 1902K, committed 2048K, reserved 1056768K
  class space    used 207K, committed 320K, reserved 1048576K

Heap Regions: E=young(eden), S=young(survivor), O=old, HS=humongous(starts), HC=humongous(continues), CS=collection set, F=free, OA=open archive, CA=closed archive, TAMS=top-at-mark-start (previous, next)
|   0|0x0000000081e00000, 0x0000000081f00000, 0x0000000081f00000|100%|HS|  |TAMS 0x0000000081e00000, 0x0000000081e00000| Complete 
|   1|0x0000000081f00000, 0x0000000081f00000, 0x0000000082000000|  0%| F|  |TAMS 0x0000000081f00000, 0x0000000081f00000| Untracked 
|   2|0x0000000082000000, 0x0000000082000000, 0x0000000082100000|  0%| F|  |TAMS 0x0000000082000000, 0x0000000082000000| Untracked 
|   3|0x0000000082100000, 0x0000000082100000, 0x0000000082200000|  0%| F|  |TAMS 0x0000000082100000, 0x0000000082100000| Untracked 
|   4|0x0000000082200000, 0x0000000082200000, 0x0000000082300000|  0%| F|  |TAMS 0x0000000082200000, 0x0000000082200000| Untracked 
|   5|0x0000000082300000, 0x0000000082300000, 0x0000000082400000|  0%| F|  |TAMS 0x0000000082300000, 0x0000000082300000| Untracked 
|   6|0x0000000082400000, 0x0000000082400000, 0x0000000082500000|  0%| F|  |TAMS 0x0000000082400000, 0x0000000082400000| Untracked 
|   7|0x0000000082500000, 0x0000000082500000, 0x0000000082600000|  0%| F|  |TAMS 0x0000000082500000, 0x0000000082500000| Untracked 
|   8|0x0000000082600000, 0x0000000082600000, 0x0000000082700000|  0%| F|  |TAMS 0x0000000082600000, 0x0000000082600000| Untracked 
|   9|0x0000000082700000, 0x0000000082700000, 0x0000000082800000|  0%| F|  |TAMS 0x0000000082700000, 0x0000000082700000| Untracked 
|  10|0x0000000082800000, 0x0000000082800000, 0x0000000082900000|  0%| F|  |TAMS 0x0000000082800000, 0x0000000082800000| Untracked 
|  11|0x0000000082900000, 0x0000000082900000, 0x0000000082a00000|  0%| F|  |TAMS 0x0000000082900000, 0x0000000082900000| Untracked 
|  12|0x0000000082a00000, 0x0000000082a00000, 0x0000000082b00000|  0%| F|  |TAMS 0x0000000082a00000, 0x0000000082a00000| Untracked 
|  13|0x0000000082b00000, 0x0000000082b00000, 0x0000000082c00000|  0%| F|  |TAMS 0x0000000082b00000, 0x0000000082b00000| Untracked 
|  14|0x0000000082c00000, 0x0000000082c00000, 0x0000000082d00000|  0%| F|  |TAMS 0x0000000082c00000, 0x0000000082c00000| Untracked 
|  15|0x0000000082d00000, 0x0000000082d00000, 0x0000000082e00000|  0%| F|  |TAMS 0x0000000082d00000, 0x0000000082d00000| Untracked 
|  16|0x0000000082e00000, 0x0000000082e00000, 0x0000000082f00000|  0%| F|  |TAMS 0x0000000082e00000, 0x0000000082e00000| Untracked 
|  17|0x0000000082f00000, 0x0000000082f00000, 0x0000000083000000|  0%| F|  |TAMS 0x0000000082f00000, 0x0000000082f00000| Untracked 
|  18|0x0000000083000000, 0x0000000083000000, 0x0000000083100000|  0%| F|  |TAMS 0x0000000083000000, 0x0000000083000000| Untracked 
|  19|0x0000000083100000, 0x0000000083100000, 0x0000000083200000|  0%| F|  |TAMS 0x0000000083100000, 0x0000000083100000| Untracked 
|  20|0x0000000083200000, 0x0000000083200000, 0x0000000083300000|  0%| F|  |TAMS 0x0000000083200000, 0x0000000083200000| Untracked 
|  21|0x0000000083300000, 0x0000000083300000, 0x0000000083400000|  0%| F|  |TAMS 0x0000000083300000, 0x0000000083300000| Untracked 
|  22|0x0000000083400000, 0x0000000083400000, 0x0000000083500000|  0%| F|  |TAMS 0x0000000083400000, 0x0000000083400000| Untracked 
|  23|0x0000000083500000, 0x0000000083500000, 0x0000000083600000|  0%| F|  |TAMS 0x0000000083500000, 0x0000000083500000| Untracked 
|  24|0x0000000083600000, 0x0000000083600000, 0x0000000083700000|  0%| F|  |TAMS 0x0000000083600000, 0x0000000083600000| Untracked 
|  25|0x0000000083700000, 0x0000000083700000, 0x0000000083800000|  0%| F|  |TAMS 0x0000000083700000, 0x0000000083700000| Untracked 
|  26|0x0000000083800000, 0x0000000083800000, 0x0000000083900000|  0%| F|  |TAMS 0x0000000083800000, 0x0000000083800000| Untracked 
|  27|0x0000000083900000, 0x0000000083900000, 0x0000000083a00000|  0%| F|  |TAMS 0x0000000083900000, 0x0000000083900000| Untracked 
|  28|0x0000000083a00000, 0x0000000083a00000, 0x0000000083b00000|  0%| F|  |TAMS 0x0000000083a00000, 0x0000000083a00000| Untracked 
|  29|0x0000000083b00000, 0x0000000083b00000, 0x0000000083c00000|  0%| F|  |TAMS 0x0000000083b00000, 0x0000000083b00000| Untracked 
|  30|0x0000000083c00000, 0x0000000083c00000, 0x0000000083d00000|  0%| F|  |TAMS 0x0000000083c00000, 0x0000000083c00000| Untracked 
|  31|0x0000000083d00000, 0x0000000083d00000, 0x0000000083e00000|  0%| F|  |TAMS 0x0000000083d00000, 0x0000000083d00000| Untracked 
|  32|0x0000000083e00000, 0x0000000083e00000, 0x0000000083f00000|  0%| F|  |TAMS 0x0000000083e00000, 0x0000000083e00000| Untracked 
|  33|0x0000000083f00000, 0x0000000083f00000, 0x0000000084000000|  0%| F|  |TAMS 0x0000000083f00000, 0x0000000083f00000| Untracked 
|  34|0x0000000084000000, 0x0000000084000000, 0x0000000084100000|  0%| F|  |TAMS 0x0000000084000000, 0x0000000084000000| Untracked 
|  35|0x0000000084100000, 0x0000000084100000, 0x0000000084200000|  0%| F|  |TAMS 0x0000000084100000, 0x0000000084100000| Untracked 
|  36|0x0000000084200000, 0x0000000084200000, 0x0000000084300000|  0%| F|  |TAMS 0x0000000084200000, 0x0000000084200000| Untracked 
|  37|0x0000000084300000, 0x0000000084300000, 0x0000000084400000|  0%| F|  |TAMS 0x0000000084300000, 0x0000000084300000| Untracked 
|  38|0x0000000084400000, 0x0000000084400000, 0x0000000084500000|  0%| F|  |TAMS 0x0000000084400000, 0x0000000084400000| Untracked 
|  39|0x0000000084500000, 0x0000000084500000, 0x0000000084600000|  0%| F|  |TAMS 0x0000000084500000, 0x0000000084500000| Untracked 
|  40|0x0000000084600000, 0x0000000084600000, 0x0000000084700000|  0%| F|  |TAMS 0x0000000084600000, 0x0000000084600000| Untracked 
|  41|0x0000000084700000, 0x0000000084700000, 0x0000000084800000|  0%| F|  |TAMS 0x0000000084700000, 0x0000000084700000| Untracked 
|  42|0x0000000084800000, 0x0000000084800000, 0x0000000084900000|  0%| F|  |TAMS 0x0000000084800000, 0x0000000084800000| Untracked 
|  43|0x0000000084900000, 0x0000000084900000, 0x0000000084a00000|  0%| F|  |TAMS 0x0000000084900000, 0x0000000084900000| Untracked 
|  44|0x0000000084a00000, 0x0000000084a00000, 0x0000000084b00000|  0%| F|  |TAMS 0x0000000084a00000, 0x0000000084a00000| Untracked 
|  45|0x0000000084b00000, 0x0000000084b00000, 0x0000000084c00000|  0%| F|  |TAMS 0x0000000084b00000, 0x0000000084b00000| Untracked 
|  46|0x0000000084c00000, 0x0000000084c00000, 0x0000000084d00000|  0%| F|  |TAMS 0x0000000084c00000, 0x0000000084c00000| Untracked 
|  47|0x0000000084d00000, 0x0000000084d00000, 0x0000000084e00000|  0%| F|  |TAMS 0x0000000084d00000, 0x0000000084d00000| Untracked 
|  48|0x0000000084e00000, 0x0000000084e00000, 0x0000000084f00000|  0%| F|  |TAMS 0x0000000084e00000, 0x0000000084e00000| Untracked 
|  49|0x0000000084f00000, 0x0000000084f00000, 0x0000000085000000|  0%| F|  |TAMS 0x0000000084f00000, 0x0000000084f00000| Untracked 
|  50|0x0000000085000000, 0x0000000085000000, 0x0000000085100000|  0%| F|  |TAMS 0x0000000085000000, 0x0000000085000000| Untracked 
|  51|0x0000000085100000, 0x0000000085100000, 0x0000000085200000|  0%| F|  |TAMS 0x0000000085100000, 0x0000000085100000| Untracked 
|  52|0x0000000085200000, 0x0000000085200000, 0x0000000085300000|  0%| F|  |TAMS 0x0000000085200000, 0x0000000085200000| Untracked 
|  53|0x0000000085300000, 0x0000000085300000, 0x0000000085400000|  0%| F|  |TAMS 0x0000000085300000, 0x0000000085300000| Untracked 
|  54|0x0000000085400000, 0x0000000085400000, 0x0000000085500000|  0%| F|  |TAMS 0x0000000085400000, 0x0000000085400000| Untracked 
|  55|0x0000000085500000, 0x0000000085500000, 0x0000000085600000|  0%| F|  |TAMS 0x0000000085500000, 0x0000000085500000| Untracked 
|  56|0x0000000085600000, 0x0000000085600000, 0x0000000085700000|  0%| F|  |TAMS 0x0000000085600000, 0x0000000085600000| Untracked 
|  57|0x0000000085700000, 0x0000000085700000, 0x0000000085800000|  0%| F|  |TAMS 0x0000000085700000, 0x0000000085700000| Untracked 
|  58|0x0000000085800000, 0x0000000085800000, 0x0000000085900000|  0%| F|  |TAMS 0x0000000085800000, 0x0000000085800000| Untracked 
|  59|0x0000000085900000, 0x0000000085900000, 0x0000000085a00000|  0%| F|  |TAMS 0x0000000085900000, 0x0000000085900000| Untracked 
|  60|0x0000000085a00000, 0x0000000085a00000, 0x0000000085b00000|  0%| F|  |TAMS 0x0000000085a00000, 0x0000000085a00000| Untracked 
|  61|0x0000000085b00000, 0x0000000085b00000, 0x0000000085c00000|  0%| F|  |TAMS 0x0000000085b00000, 0x0000000085b00000| Untracked 
|  62|0x0000000085c00000, 0x0000000085c00000, 0x0000000085d00000|  0%| F|  |TAMS 0x0000000085c00000, 0x0000000085c00000| Untracked 
|  63|0x0000000085d00000, 0x0000000085d00000, 0x0000000085e00000|  0%| F|  |TAMS 0x0000000085d00000, 0x0000000085d00000| Untracked 
|  64|0x0000000085e00000, 0x0000000085e00000, 0x0000000085f00000|  0%| F|  |TAMS 0x0000000085e00000, 0x0000000085e00000| Untracked 
|  65|0x0000000085f00000, 0x0000000085f00000, 0x0000000086000000|  0%| F|  |TAMS 0x0000000085f00000, 0x0000000085f00000| Untracked 
|  66|0x0000000086000000, 0x0000000086000000, 0x0000000086100000|  0%| F|  |TAMS 0x0000000086000000, 0x0000000086000000| Untracked 
|  67|0x0000000086100000, 0x0000000086100000, 0x0000000086200000|  0%| F|  |TAMS 0x0000000086100000, 0x0000000086100000| Untracked 
|  68|0x0000000086200000, 0x0000000086200000, 0x0000000086300000|  0%| F|  |TAMS 0x0000000086200000, 0x0000000086200000| Untracked 
|  69|0x0000000086300000, 0x0000000086300000, 0x0000000086400000|  0%| F|  |TAMS 0x0000000086300000, 0x0000000086300000| Untracked 
|  70|0x0000000086400000, 0x0000000086400000, 0x0000000086500000|  0%| F|  |TAMS 0x0000000086400000, 0x0000000086400000| Untracked 
|  71|0x0000000086500000, 0x0000000086500000, 0x0000000086600000|  0%| F|  |TAMS 0x0000000086500000, 0x0000000086500000| Untracked 
|  72|0x0000000086600000, 0x0000000086600000, 0x0000000086700000|  0%| F|  |TAMS 0x0000000086600000, 0x0000000086600000| Untracked 
|  73|0x0000000086700000, 0x0000000086700000, 0x0000000086800000|  0%| F|  |TAMS 0x0000000086700000, 0x0000000086700000| Untracked 
|  74|0x0000000086800000, 0x0000000086800000, 0x0000000086900000|  0%| F|  |TAMS 0x0000000086800000, 0x0000000086800000| Untracked 
|  75|0x0000000086900000, 0x0000000086900000, 0x0000000086a00000|  0%| F|  |TAMS 0x0000000086900000, 0x0000000086900000| Untracked 
|  76|0x0000000086a00000, 0x0000000086a00000, 0x0000000086b00000|  0%| F|  |TAMS 0x0000000086a00000, 0x0000000086a00000| Untracked 
|  77|0x0000000086b00000, 0x0000000086b00000, 0x0000000086c00000|  0%| F|  |TAMS 0x0000000086b00000, 0x0000000086b00000| Untracked 
|  78|0x0000000086c00000, 0x0000000086c00000, 0x0000000086d00000|  0%| F|  |TAMS 0x0000000086c00000, 0x0000000086c00000| Untracked 
|  79|0x0000000086d00000, 0x0000000086d00000, 0x0000000086e00000|  0%| F|  |TAMS 0x0000000086d00000, 0x0000000086d00000| Untracked 
|  80|0x0000000086e00000, 0x0000000086e00000, 0x0000000086f00000|  0%| F|  |TAMS 0x0000000086e00000, 0x0000000086e00000| Untracked 
|  81|0x0000000086f00000, 0x0000000086f00000, 0x0000000087000000|  0%| F|  |TAMS 0x0000000086f00000, 0x0000000086f00000| Untracked 
|  82|0x0000000087000000, 0x0000000087000000, 0x0000000087100000|  0%| F|  |TAMS 0x0000000087000000, 0x0000000087000000| Untracked 
|  83|0x0000000087100000, 0x0000000087100000, 0x0000000087200000|  0%| F|  |TAMS 0x0000000087100000, 0x0000000087100000| Untracked 
|  84|0x0000000087200000, 0x0000000087200000, 0x0000000087300000|  0%| F|  |TAMS 0x0000000087200000, 0x0000000087200000| Untracked 
|  85|0x0000000087300000, 0x0000000087300000, 0x0000000087400000|  0%| F|  |TAMS 0x0000000087300000, 0x0000000087300000| Untracked 
|  86|0x0000000087400000, 0x0000000087400000, 0x0000000087500000|  0%| F|  |TAMS 0x0000000087400000, 0x0000000087400000| Untracked 
|  87|0x0000000087500000, 0x0000000087500000, 0x0000000087600000|  0%| F|  |TAMS 0x0000000087500000, 0x0000000087500000| Untracked 
|  88|0x0000000087600000, 0x0000000087600000, 0x0000000087700000|  0%| F|  |TAMS 0x0000000087600000, 0x0000000087600000| Untracked 
|  89|0x0000000087700000, 0x0000000087700000, 0x0000000087800000|  0%| F|  |TAMS 0x0000000087700000, 0x0000000087700000| Untracked 
|  90|0x0000000087800000, 0x0000000087800000, 0x0000000087900000|  0%| F|  |TAMS 0x0000000087800000, 0x0000000087800000| Untracked 
|  91|0x0000000087900000, 0x0000000087900000, 0x0000000087a00000|  0%| F|  |TAMS 0x0000000087900000, 0x0000000087900000| Untracked 
|  92|0x0000000087a00000, 0x0000000087a00000, 0x0000000087b00000|  0%| F|  |TAMS 0x0000000087a00000, 0x0000000087a00000| Untracked 
|  93|0x0000000087b00000, 0x0000000087b00000, 0x0000000087c00000|  0%| F|  |TAMS 0x0000000087b00000, 0x0000000087b00000| Untracked 
|  94|0x0000000087c00000, 0x0000000087c00000, 0x0000000087d00000|  0%| F|  |TAMS 0x0000000087c00000, 0x0000000087c00000| Untracked 
|  95|0x0000000087d00000, 0x0000000087d00000, 0x0000000087e00000|  0%| F|  |TAMS 0x0000000087d00000, 0x0000000087d00000| Untracked 
|  96|0x0000000087e00000, 0x0000000087e00000, 0x0000000087f00000|  0%| F|  |TAMS 0x0000000087e00000, 0x0000000087e00000| Untracked 
|  97|0x0000000087f00000, 0x0000000087f00000, 0x0000000088000000|  0%| F|  |TAMS 0x0000000087f00000, 0x0000000087f00000| Untracked 
|  98|0x0000000088000000, 0x0000000088000000, 0x0000000088100000|  0%| F|  |TAMS 0x0000000088000000, 0x0000000088000000| Untracked 
|  99|0x0000000088100000, 0x0000000088100000, 0x0000000088200000|  0%| F|  |TAMS 0x0000000088100000, 0x0000000088100000| Untracked 
| 100|0x0000000088200000, 0x0000000088200000, 0x0000000088300000|  0%| F|  |TAMS 0x0000000088200000, 0x0000000088200000| Untracked 
| 101|0x0000000088300000, 0x0000000088300000, 0x0000000088400000|  0%| F|  |TAMS 0x0000000088300000, 0x0000000088300000| Untracked 
| 102|0x0000000088400000, 0x0000000088400000, 0x0000000088500000|  0%| F|  |TAMS 0x0000000088400000, 0x0000000088400000| Untracked 
| 103|0x0000000088500000, 0x0000000088500000, 0x0000000088600000|  0%| F|  |TAMS 0x0000000088500000, 0x0000000088500000| Untracked 
| 104|0x0000000088600000, 0x0000000088600000, 0x0000000088700000|  0%| F|  |TAMS 0x0000000088600000, 0x0000000088600000| Untracked 
| 105|0x0000000088700000, 0x0000000088700000, 0x0000000088800000|  0%| F|  |TAMS 0x0000000088700000, 0x0000000088700000| Untracked 
| 106|0x0000000088800000, 0x0000000088800000, 0x0000000088900000|  0%| F|  |TAMS 0x0000000088800000, 0x0000000088800000| Untracked 
| 107|0x0000000088900000, 0x0000000088900000, 0x0000000088a00000|  0%| F|  |TAMS 0x0000000088900000, 0x0000000088900000| Untracked 
| 108|0x0000000088a00000, 0x0000000088a00000, 0x0000000088b00000|  0%| F|  |TAMS 0x0000000088a00000, 0x0000000088a00000| Untracked 
| 109|0x0000000088b00000, 0x0000000088b00000, 0x0000000088c00000|  0%| F|  |TAMS 0x0000000088b00000, 0x0000000088b00000| Untracked 
| 110|0x0000000088c00000, 0x0000000088c00000, 0x0000000088d00000|  0%| F|  |TAMS 0x0000000088c00000, 0x0000000088c00000| Untracked 
| 111|0x0000000088d00000, 0x0000000088d00000, 0x0000000088e00000|  0%| F|  |TAMS 0x0000000088d00000, 0x0000000088d00000| Untracked 
| 112|0x0000000088e00000, 0x0000000088e00000, 0x0000000088f00000|  0%| F|  |TAMS 0x0000000088e00000, 0x0000000088e00000| Untracked 
| 113|0x0000000088f00000, 0x0000000088f00000, 0x0000000089000000|  0%| F|  |TAMS 0x0000000088f00000, 0x0000000088f00000| Untracked 
| 114|0x0000000089000000, 0x0000000089000000, 0x0000000089100000|  0%| F|  |TAMS 0x0000000089000000, 0x0000000089000000| Untracked 
| 115|0x0000000089100000, 0x0000000089100000, 0x0000000089200000|  0%| F|  |TAMS 0x0000000089100000, 0x0000000089100000| Untracked 
| 116|0x0000000089200000, 0x0000000089200000, 0x0000000089300000|  0%| F|  |TAMS 0x0000000089200000, 0x0000000089200000| Untracked 
| 117|0x0000000089300000, 0x0000000089300000, 0x0000000089400000|  0%| F|  |TAMS 0x0000000089300000, 0x0000000089300000| Untracked 
| 118|0x0000000089400000, 0x0000000089400000, 0x0000000089500000|  0%| F|  |TAMS 0x0000000089400000, 0x0000000089400000| Untracked 
| 119|0x0000000089500000, 0x0000000089576448, 0x0000000089600000| 46%| E|  |TAMS 0x0000000089500000, 0x0000000089500000| Complete 
| 120|0x0000000089600000, 0x0000000089700000, 0x0000000089700000|100%| E|CS|TAMS 0x0000000089600000, 0x0000000089600000| Complete 
| 121|0x0000000089700000, 0x0000000089800000, 0x0000000089800000|100%| E|CS|TAMS 0x0000000089700000, 0x0000000089700000| Complete 
| 122|0x0000000089800000, 0x0000000089900000, 0x0000000089900000|100%| E|CS|TAMS 0x0000000089800000, 0x0000000089800000| Complete 
| 123|0x0000000089900000, 0x0000000089a00000, 0x0000000089a00000|100%| E|CS|TAMS 0x0000000089900000, 0x0000000089900000| Complete 
| 124|0x0000000089a00000, 0x0000000089b00000, 0x0000000089b00000|100%| E|CS|TAMS 0x0000000089a00000, 0x0000000089a00000| Complete 
| 125|0x0000000089b00000, 0x0000000089c00000, 0x0000000089c00000|100%| E|CS|TAMS 0x0000000089b00000, 0x0000000089b00000| Complete 
| 126|0x0000000089c00000, 0x0000000089d00000, 0x0000000089d00000|100%| E|CS|TAMS 0x0000000089c00000, 0x0000000089c00000| Complete 
| 127|0x0000000089d00000, 0x0000000089e00000, 0x0000000089e00000|100%| E|CS|TAMS 0x0000000089d00000, 0x0000000089d00000| Complete 

Card table byte_map: [0x000001cc25a40000,0x000001cc25e40000] _byte_map_base: 0x000001cc25631000

Marking Bits (Prev, Next): (CMBitMap*) 0x000001cc0ebeca70, (CMBitMap*) 0x000001cc0ebecab0
 Prev Bits: [0x000001cc26240000, 0x000001cc281c8000)
 Next Bits: [0x000001cc281d0000, 0x000001cc2a158000)

Polling page: 0x000001cc0e380000

Metaspace:

Usage:
  Non-class:      1.66 MB used.
      Class:    207.43 KB used.
       Both:      1.86 MB used.

Virtual space:
  Non-class space:        8.00 MB reserved,       1.69 MB ( 21%) committed,  1 nodes.
      Class space:        1.00 GB reserved,     320.00 KB ( <1%) committed,  1 nodes.
              Both:        1.01 GB reserved,       2.00 MB ( <1%) committed. 

Chunk freelists:
   Non-Class:  3.96 MB
       Class:  3.73 MB
        Both:  7.68 MB

MaxMetaspaceSize: 17179869184.00 GB
CompressedClassSpaceSize: 1.00 GB
 - commit_granule_bytes: 65536.
 - commit_granule_words: 8192.
 - virtual_space_node_default_size: 1048576.
 - enlarge_chunks_in_place: 1.
 - new_chunks_are_fully_committed: 0.
 - uncommit_free_chunks: 1.
 - use_allocation_guard: 0.
 - handle_deallocations: 1.


Internal statistics:

num_allocs_failed_limit: 0.
num_arena_births: 40.
num_arena_deaths: 0.
num_vsnodes_births: 2.
num_vsnodes_deaths: 0.
num_space_committed: 32.
num_space_uncommitted: 0.
num_chunks_returned_to_freelist: 0.
num_chunks_taken_from_freelist: 43.
num_chunk_merges: 0.
num_chunk_splits: 29.
num_chunks_enlarged: 18.
num_purges: 0.

CodeHeap 'non-profiled nmethods': size=238336Kb used=500Kb max_used=500Kb free=237836Kb
 bounds [0x000001cc16a50000, 0x000001cc16cc0000, 0x000001cc25310000]
CodeHeap 'non-nmethods': size=7424Kb used=1144Kb max_used=1144Kb free=6279Kb
 bounds [0x000001cc16310000, 0x000001cc16580000, 0x000001cc16a50000]
 total_blobs=851 nmethods=421 adapters=358
 compilation: enabled
              stopped_count=0, restarted_count=0
 full_count=0

Compilation events (20 events):
Event: 0.536 Thread 0x000001cc2cb62f60 nmethod 391 0x000001cc16ac4910 code [0x000001cc16ac4ac0, 0x000001cc16ac4c68]
Event: 0.536 Thread 0x000001cc2cb62f60  392       1       jdk.internal.org.objectweb.asm.ClassReader::readUnsignedShort (26 bytes)
Event: 0.537 Thread 0x000001cc2cb62f60 nmethod 392 0x000001cc16ac4d90 code [0x000001cc16ac4f20, 0x000001cc16ac5058]
Event: 0.539 Thread 0x000001cc2cb62f60  394       1       java.lang.invoke.MemberName::isStatic (8 bytes)
Event: 0.539 Thread 0x000001cc2cb62f60 nmethod 394 0x000001cc16ac5410 code [0x000001cc16ac55a0, 0x000001cc16ac5678]
Event: 0.543 Thread 0x000001cc2cb62f60  395       1       java.lang.invoke.MemberName::getReferenceKind (12 bytes)
Event: 0.543 Thread 0x000001cc2cb62f60 nmethod 395 0x000001cc16ac5710 code [0x000001cc16ac58a0, 0x000001cc16ac5978]
Event: 0.553 Thread 0x000001cc2cb62f60  396       1       java.lang.reflect.Method::getReturnType (5 bytes)
Event: 0.554 Thread 0x000001cc2cb62f60 nmethod 396 0x000001cc16ac5a10 code [0x000001cc16ac5ba0, 0x000001cc16ac5c78]
Event: 0.559 Thread 0x000001cc2cb62f60  397       1       sun.invoke.util.VerifyAccess::isSamePackage (32 bytes)
Event: 0.561 Thread 0x000001cc2cb62f60 nmethod 397 0x000001cc16ac6610 code [0x000001cc16ac6840, 0x000001cc16ac6e68]
Event: 0.561 Thread 0x000001cc2cb62f60  398       1       java.lang.invoke.MemberName::isConstructor (8 bytes)
Event: 0.561 Thread 0x000001cc2cb62f60 nmethod 398 0x000001cc16ac7210 code [0x000001cc16ac73a0, 0x000001cc16ac7498]
Event: 0.562 Thread 0x000001cc2cb62f60  402       1       java.lang.invoke.MemberName::getMethodOrFieldType (72 bytes)
Event: 0.563 Thread 0x000001cc2cb62f60 nmethod 402 0x000001cc16ac7e10 code [0x000001cc16ac80a0, 0x000001cc16ac8828]
Event: 0.563 Thread 0x000001cc2cb62f60  410       1       jdk.internal.org.objectweb.asm.SymbolTable::addConstantUtf8Reference (101 bytes)
Event: 0.564 Thread 0x000001cc2cb62f60 nmethod 410 0x000001cc16ac9190 code [0x000001cc16ac9380, 0x000001cc16ac9718]
Event: 0.564 Thread 0x000001cc2cb62f60  413       1       sun.invoke.util.VerifyAccess::isTypeVisible (118 bytes)
Event: 0.566 Thread 0x000001cc2cb62f60 nmethod 413 0x000001cc16ac9e10 code [0x000001cc16aca0c0, 0x000001cc16aca9b8]
Event: 0.566 Thread 0x000001cc2cb62f60  414       1       jdk.internal.org.objectweb.asm.Frame::execute (2305 bytes)

GC Heap History (0 events):
No events

Deoptimization events (0 events):
No events

Classes unloaded (0 events):
No events

Classes redefined (0 events):
No events

Internal exceptions (8 events):
Event: 0.468 Thread 0x000001cc0ebac9c0 Exception <a 'java/lang/NoSuchMethodError'{0x00000000897e2590}: 'void java.lang.invoke.DirectMethodHandle$Holder.invokeSpecial(java.lang.Object, java.lang.Object, java.lang.Object)'> (0x00000000897e2590) 
thrown [t:\workspace\open\src\hotspot\share\interpreter\linkResolver.cpp, line 790]
Event: 0.469 Thread 0x000001cc6e5183b0 Exception <a 'java/lang/NoSuchMethodError'{0x0000000089607ca8}: 'java.lang.Object java.lang.invoke.DirectMethodHandle$Holder.invokeStatic(java.lang.Object)'> (0x0000000089607ca8) 
thrown [t:\workspace\open\src\hotspot\share\interpreter\linkResolver.cpp, line 790]
Event: 0.470 Thread 0x000001cc6e5183b0 Exception <a 'java/lang/NoSuchMethodError'{0x000000008960b3f8}: 'java.lang.Object java.lang.invoke.DirectMethodHandle$Holder.invokeStaticInit(java.lang.Object)'> (0x000000008960b3f8) 
thrown [t:\workspace\open\src\hotspot\share\interpreter\linkResolver.cpp, line 790]
Event: 0.483 Thread 0x000001cc6e5183b0 Exception <a 'java/lang/NoSuchMethodError'{0x00000000896188b8}: 'void java.lang.invoke.DirectMethodHandle$Holder.invokeStatic(java.lang.Object, java.lang.Object)'> (0x00000000896188b8) 
thrown [t:\workspace\open\src\hotspot\share\interpreter\linkResolver.cpp, line 790]
Event: 0.528 Thread 0x000001cc0ebac9c0 Exception <a 'java/lang/NoSuchMethodError'{0x00000000896a09a8}: 'java.lang.Object java.lang.invoke.DirectMethodHandle$Holder.invokeInterface(java.lang.Object, java.lang.Object)'> (0x00000000896a09a8) 
thrown [t:\workspace\open\src\hotspot\share\interpreter\linkResolver.cpp, line 790]
Event: 0.530 Thread 0x000001cc0ebac9c0 Exception <a 'java/lang/NoSuchMethodError'{0x00000000896a8db8}: 'java.lang.Object java.lang.invoke.DirectMethodHandle$Holder.invokeStaticInit(java.lang.Object, java.lang.Object, java.lang.Object)'> (0x00000000896a8db8) 
thrown [t:\workspace\open\src\hotspot\share\interpreter\linkResolver.cpp, line 790]
Event: 0.539 Thread 0x000001cc0ebac9c0 Exception <a 'java/lang/NoSuchMethodError'{0x00000000896c6130}: 'int java.lang.invoke.DirectMethodHandle$Holder.invokeInterface(java.lang.Object, java.lang.Object)'> (0x00000000896c6130) 
thrown [t:\workspace\open\src\hotspot\share\interpreter\linkResolver.cpp, line 790]
Event: 0.540 Thread 0x000001cc0ebac9c0 Exception <a 'java/lang/IncompatibleClassChangeError'{0x00000000896c9928}: Found class java.lang.Object, but interface was expected> (0x00000000896c9928) 
thrown [t:\workspace\open\src\hotspot\share\interpreter\linkResolver.cpp, line 857]

Events (20 events):
Event: 0.557 loading class sun/reflect/generics/reflectiveObjects/ParameterizedTypeImpl
Event: 0.557 loading class java/lang/reflect/ParameterizedType
Event: 0.558 loading class java/lang/reflect/ParameterizedType done
Event: 0.558 loading class sun/reflect/generics/reflectiveObjects/ParameterizedTypeImpl done
Event: 0.558 loading class sun/reflect/generics/scope/ClassScope
Event: 0.558 loading class sun/reflect/generics/scope/ClassScope done
Event: 0.558 loading class sun/reflect/generics/repository/ClassRepository
Event: 0.558 loading class sun/reflect/generics/repository/ClassRepository done
Event: 0.558 loading class sun/reflect/generics/tree/ClassSignature
Event: 0.558 loading class sun/reflect/generics/tree/ClassSignature done
Event: 0.558 loading class sun/reflect/generics/tree/TypeVariableSignature
Event: 0.558 loading class sun/reflect/generics/tree/TypeVariableSignature done
Event: 0.558 loading class java/lang/reflect/TypeVariable
Event: 0.559 loading class java/lang/reflect/TypeVariable done
Event: 0.559 loading class sun/reflect/generics/reflectiveObjects/TypeVariableImpl
Event: 0.559 loading class sun/reflect/generics/reflectiveObjects/LazyReflectiveObjectGenerator
Event: 0.559 loading class sun/reflect/generics/reflectiveObjects/LazyReflectiveObjectGenerator done
Event: 0.559 loading class sun/reflect/generics/reflectiveObjects/TypeVariableImpl done
Event: 0.559 loading class java/lang/reflect/GenericArrayType
Event: 0.559 loading class java/lang/reflect/GenericArrayType done


Dynamic libraries:
0x00007ff625c10000 - 0x00007ff625c1e000 	C:\Users\phath\.jdks\openjdk-16.0.2\bin\java.exe
0x00007fff08ab0000 - 0x00007fff08ca5000 	C:\WINDOWS\SYSTEM32\ntdll.dll
0x00007fff087a0000 - 0x00007fff0885e000 	C:\WINDOWS\System32\KERNEL32.DLL
0x00007fff064f0000 - 0x00007fff067b9000 	C:\WINDOWS\System32\KERNELBASE.dll
0x00007fff06200000 - 0x00007fff06300000 	C:\WINDOWS\System32\ucrtbase.dll
0x00007ffefc590000 - 0x00007ffefc5a9000 	C:\Users\phath\.jdks\openjdk-16.0.2\bin\VCRUNTIME140.dll
0x00007fff02010000 - 0x00007fff02028000 	C:\Users\phath\.jdks\openjdk-16.0.2\bin\jli.dll
0x00007fff088c0000 - 0x00007fff08a61000 	C:\WINDOWS\System32\USER32.dll
0x00007fff061d0000 - 0x00007fff061f2000 	C:\WINDOWS\System32\win32u.dll
0x00007fff085c0000 - 0x00007fff085eb000 	C:\WINDOWS\System32\GDI32.dll
0x00007fff063b0000 - 0x00007fff064bb000 	C:\WINDOWS\System32\gdi32full.dll
0x00007ffef5780000 - 0x00007ffef5a1a000 	C:\WINDOWS\WinSxS\amd64_microsoft.windows.common-controls_6595b64144ccf1df_6.0.19041.1110_none_60b5254171f9507e\COMCTL32.dll
0x00007fff06a60000 - 0x00007fff06afd000 	C:\WINDOWS\System32\msvcp_win.dll
0x00007fff07800000 - 0x00007fff0789e000 	C:\WINDOWS\System32\msvcrt.dll
0x00007fff077d0000 - 0x00007fff07800000 	C:\WINDOWS\System32\IMM32.DLL
0x00007fff01fd0000 - 0x00007fff01fdc000 	C:\Users\phath\.jdks\openjdk-16.0.2\bin\vcruntime140_1.dll
0x00007ffeb9680000 - 0x00007ffeb9711000 	C:\Users\phath\.jdks\openjdk-16.0.2\bin\msvcp140.dll
0x00007ffeaf290000 - 0x00007ffeafe3b000 	C:\Users\phath\.jdks\openjdk-16.0.2\bin\server\jvm.dll
0x00007fff072a0000 - 0x00007fff0734c000 	C:\WINDOWS\System32\ADVAPI32.dll
0x00007fff078a0000 - 0x00007fff0793b000 	C:\WINDOWS\System32\sechost.dll
0x00007fff083e0000 - 0x00007fff0850a000 	C:\WINDOWS\System32\RPCRT4.dll
0x00007fff07c50000 - 0x00007fff07c58000 	C:\WINDOWS\System32\PSAPI.DLL
0x00007ffef1e00000 - 0x00007ffef1e09000 	C:\WINDOWS\SYSTEM32\WSOCK32.dll
0x00007ffefffd0000 - 0x00007ffefffda000 	C:\WINDOWS\SYSTEM32\VERSION.dll
0x00007fff08360000 - 0x00007fff083cb000 	C:\WINDOWS\System32\WS2_32.dll
0x00007ffef2330000 - 0x00007ffef2357000 	C:\WINDOWS\SYSTEM32\WINMM.dll
0x00007fff04d00000 - 0x00007fff04d12000 	C:\WINDOWS\SYSTEM32\kernel.appcore.dll
0x00007fff01e60000 - 0x00007fff01e6a000 	C:\Users\phath\.jdks\openjdk-16.0.2\bin\jimage.dll
0x00007ffef48d0000 - 0x00007ffef4ab4000 	C:\WINDOWS\SYSTEM32\DBGHELP.DLL
0x00007ffef4670000 - 0x00007ffef469c000 	C:\WINDOWS\SYSTEM32\dbgcore.DLL
0x00007fff06870000 - 0x00007fff068f3000 	C:\WINDOWS\System32\bcryptPrimitives.dll
0x00007ffeff580000 - 0x00007ffeff58e000 	C:\Users\phath\.jdks\openjdk-16.0.2\bin\instrument.dll
0x00007ffefc420000 - 0x00007ffefc445000 	C:\Users\phath\.jdks\openjdk-16.0.2\bin\java.dll
0x00007fff06b60000 - 0x00007fff0729f000 	C:\WINDOWS\System32\SHELL32.dll
0x00007fff041f0000 - 0x00007fff04980000 	C:\WINDOWS\SYSTEM32\windows.storage.dll
0x00007fff07e80000 - 0x00007fff081d5000 	C:\WINDOWS\System32\combase.dll
0x00007fff05b50000 - 0x00007fff05b7c000 	C:\WINDOWS\SYSTEM32\Wldp.dll
0x00007fff08510000 - 0x00007fff085be000 	C:\WINDOWS\System32\SHCORE.dll
0x00007fff06b00000 - 0x00007fff06b55000 	C:\WINDOWS\System32\shlwapi.dll
0x00007fff06110000 - 0x00007fff0612f000 	C:\WINDOWS\SYSTEM32\profapi.dll
0x00007ffecff10000 - 0x00007ffecff28000 	C:\Users\phath\.jdks\openjdk-16.0.2\bin\zip.dll
0x00007ffefc520000 - 0x00007ffefc539000 	C:\Users\phath\.jdks\openjdk-16.0.2\bin\net.dll
0x00007ffeff240000 - 0x00007ffeff348000 	C:\WINDOWS\SYSTEM32\WINHTTP.dll
0x00007fff058b0000 - 0x00007fff0591a000 	C:\WINDOWS\system32\mswsock.dll
0x00007ffee2a40000 - 0x00007ffee2a53000 	C:\Users\phath\.jdks\openjdk-16.0.2\bin\nio.dll
0x00007ffecfd40000 - 0x00007ffecfd5a000 	C:\Program Files\JetBrains\IntelliJ IDEA 2021.2\bin\breakgen64.dll
0x00007fff055e0000 - 0x00007fff056ac000 	C:\WINDOWS\SYSTEM32\DNSAPI.dll
0x00007fff055a0000 - 0x00007fff055db000 	C:\WINDOWS\SYSTEM32\IPHLPAPI.DLL
0x00007fff083d0000 - 0x00007fff083d8000 	C:\WINDOWS\System32\NSI.dll
0x00000000595e0000 - 0x0000000059606000 	C:\Program Files\Bonjour\mdnsNSP.dll
0x00007ffefec80000 - 0x00007ffefec8a000 	C:\Windows\System32\rasadhlp.dll
0x00007ffeff010000 - 0x00007ffeff08f000 	C:\WINDOWS\System32\fwpuclnt.dll
0x00007fff064c0000 - 0x00007fff064e7000 	C:\WINDOWS\System32\bcrypt.dll
0x00007ffefc410000 - 0x00007ffefc419000 	C:\Users\phath\.jdks\openjdk-16.0.2\bin\management.dll
0x00007ffefbbe0000 - 0x00007ffefbbeb000 	C:\Users\phath\.jdks\openjdk-16.0.2\bin\management_ext.dll

dbghelp: loaded successfully - version: 4.0.5 - missing functions: none
symbol engine: initialized successfully - sym options: 0x614 - pdb path: .;C:\Users\phath\.jdks\openjdk-16.0.2\bin;C:\WINDOWS\SYSTEM32;C:\WINDOWS\WinSxS\amd64_microsoft.windows.common-controls_6595b64144ccf1df_6.0.19041.1110_none_60b5254171f9507e;C:\Users\phath\.jdks\openjdk-16.0.2\bin\server;C:\Program Files\JetBrains\IntelliJ IDEA 2021.2\bin;C:\Program Files\Bonjour

VM Arguments:
jvm_args: -XX:TieredStopAtLevel=1 -Xverify:none -Dspring.output.ansi.enabled=always -javaagent:C:\Program Files\JetBrains\IntelliJ IDEA 2021.2\lib\idea_rt.jar=57141:C:\Program Files\JetBrains\IntelliJ IDEA 2021.2\bin -Dcom.sun.management.jmxremote -Dspring.jmx.enabled=true -Dspring.liveBeansView.mbeanDomain -Dspring.application.admin.enabled=true -Dfile.encoding=UTF-8 
java_command: com.example.hiepphat.HiepphatApplication
java_class_path (initial): D:\Capstone\hiepphat\target\classes;C:\Users\phath\.m2\repository\org\springframework\boot\spring-boot-starter-web\2.5.4\spring-boot-starter-web-2.5.4.jar;C:\Users\phath\.m2\repository\org\springframework\boot\spring-boot-starter\2.5.4\spring-boot-starter-2.5.4.jar;C:\Users\phath\.m2\repository\org\springframework\boot\spring-boot\2.5.4\spring-boot-2.5.4.jar;C:\Users\phath\.m2\repository\org\springframework\boot\spring-boot-autoconfigure\2.5.4\spring-boot-autoconfigure-2.5.4.jar;C:\Users\phath\.m2\repository\org\springframework\boot\spring-boot-starter-logging\2.5.4\spring-boot-starter-logging-2.5.4.jar;C:\Users\phath\.m2\repository\ch\qos\logback\logback-classic\1.2.5\logback-classic-1.2.5.jar;C:\Users\phath\.m2\repository\ch\qos\logback\logback-core\1.2.5\logback-core-1.2.5.jar;C:\Users\phath\.m2\repository\org\apache\logging\log4j\log4j-to-slf4j\2.14.1\log4j-to-slf4j-2.14.1.jar;C:\Users\phath\.m2\repository\org\apache\logging\log4j\log4j-api\2.14.1\log4j-api-2.14.1.jar;C:\Users\phath\.m2\repository\org\slf4j\jul-to-slf4j\1.7.32\jul-to-slf4j-1.7.32.jar;C:\Users\phath\.m2\repository\org\yaml\snakeyaml\1.28\snakeyaml-1.28.jar;C:\Users\phath\.m2\repository\org\springframework\boot\spring-boot-starter-json\2.5.4\spring-boot-starter-json-2.5.4.jar;C:\Users\phath\.m2\repository\com\fasterxml\jackson\datatype\jackson-datatype-jdk8\2.12.4\jackson-datatype-jdk8-2.12.4.jar;C:\Users\phath\.m2\repository\com\fasterxml\jackson\datatype\jackson-datatype-jsr310\2.12.4\jackson-datatype-jsr310-2.12.4.jar;C:\Users\phath\.m2\repository\com\fasterxml\jackson\module\jackson-module-parameter-names\2.12.4\jackson-module-parameter-names-2.12.4.jar;C:\Users\phath\.m2\repository\org\springframework\spring-web\5.3.9\spring-web-5.3.9.jar;C:\Users\phath\.m2\repository\org\springframework\spring-beans\5.3.9\spring-beans-5.3.9.jar;C:\Users\phath\.m2\repository\org\springframework\spring-webmvc\5.3.9\spring-webmvc-5.3.9.jar;C:\Users\phath\.m2\repository\org\springfra
Launcher Type: SUN_STANDARD

[Global flags]
     intx CICompilerCount                          = 4                                         {product} {ergonomic}
     uint ConcGCThreads                            = 2                                         {product} {ergonomic}
     uint G1ConcRefinementThreads                  = 8                                         {product} {ergonomic}
   size_t G1HeapRegionSize                         = 1048576                                   {product} {ergonomic}
    uintx GCDrainStackTargetSize                   = 64                                        {product} {ergonomic}
   size_t InitialHeapSize                          = 134217728                                 {product} {ergonomic}
     bool ManagementServer                         = true                                      {product} {command line}
   size_t MarkStackSize                            = 4194304                                   {product} {ergonomic}
   size_t MaxHeapSize                              = 2116026368                                {product} {ergonomic}
   size_t MaxNewSize                               = 1268776960                                {product} {ergonomic}
   size_t MinHeapDeltaBytes                        = 1048576                                   {product} {ergonomic}
   size_t MinHeapSize                              = 8388608                                   {product} {ergonomic}
    uintx NonNMethodCodeHeapSize                   = 7549744                                {pd product} {ergonomic}
    uintx NonProfiledCodeHeapSize                  = 244108496                              {pd product} {ergonomic}
    uintx ProfiledCodeHeapSize                     = 0                                      {pd product} {ergonomic}
    uintx ReservedCodeCacheSize                    = 251658240                              {pd product} {ergonomic}
     bool SegmentedCodeCache                       = true                                      {product} {ergonomic}
   size_t SoftMaxHeapSize                          = 2116026368                             {manageable} {ergonomic}
     intx TieredStopAtLevel                        = 1                                         {product} {command line}
     bool UseCompressedClassPointers               = true                           {product lp64_product} {ergonomic}
     bool UseCompressedOops                        = true                           {product lp64_product} {ergonomic}
     bool UseG1GC                                  = true                                      {product} {ergonomic}
     bool UseLargePagesIndividualAllocation        = false                                  {pd product} {ergonomic}

Logging:
Log output configuration:
 #0: stdout all=warning uptime,level,tags
 #1: stderr all=off uptime,level,tags

Environment Variables:
PATH=C:\Program Files (x86)\Common Files\Oracle\Java\javapath;C:\WINDOWS\system32;C:\WINDOWS;C:\WINDOWS\System32\Wbem;C:\WINDOWS\System32\WindowsPowerShell\v1.0\;C:\WINDOWS\System32\OpenSSH\;C:\Program Files (x86)\NVIDIA Corporation\PhysX\Common;C:\WINDOWS\system32;C:\WINDOWS;C:\WINDOWS\System32\Wbem;C:\WINDOWS\System32\WindowsPowerShell\v1.0\;C:\WINDOWS\System32\OpenSSH\;C:\Program Files\Microsoft SQL Server\120\DTS\Binn\;C:\Program Files\Microsoft SQL Server\Client SDK\ODBC\110\Tools\Binn\;C:\Program Files (x86)\Microsoft SQL Server\120\Tools\Binn\;C:\Program Files\Microsoft SQL Server\120\Tools\Binn\;C:\Program Files (x86)\Microsoft SQL Server\120\Tools\Binn\ManagementStudio\;C:\Program Files (x86)\Microsoft SQL Server\120\DTS\Binn\;C:\Program Files\Microsoft SQL Server\130\Tools\Binn\;C:\Program Files\Microsoft SQL Server\Client SDK\ODBC\170\Tools\Binn\;C:\Program Files\dotnet\;C:\Program Files (x86)\Microsoft SQL Server\110\DTS\Binn\;C:\Program Files (x86)\Microsoft SQL Server\130\DTS\Binn\;C:\Program Files (x86)\Microsoft SQL Server\140\DTS\Binn\;C:\Program Files (x86)\Microsoft SQL Server\150\DTS\Binn\;C:\Program Files\NVIDIA Corporation\NVIDIA NvDLISR;C:\Program Files\Azure Data Studio\bin;C:\Program Files (x86)\Microsoft SQL Server\150\Tools\Binn\;C:\Program Files\Microsoft SQL Server\150\Tools\Binn\;C:\Program Files\Microsoft SQL Server\150\DTS\Binn\;C:\Program Files\Git\cmd;C:\Program Files\nodejs\;C:\Users\phath\AppData\Local\Microsoft\WindowsApps;C:\Users\phath\.dotnet\tools;C:\Program Files\JetBrains\IntelliJ IDEA 2021.2\bin;;C:\Program Files\Azure Data Studio\bin;C:\Users\phath\AppData\Roaming\npm
USERNAME=phath
OS=Windows_NT
PROCESSOR_IDENTIFIER=Intel64 Family 6 Model 94 Stepping 3, GenuineIntel



---------------  S Y S T E M  ---------------

OS:
 Windows 10 , 64 bit Build 19041 (10.0.19041.1202)
OS uptime: 6 days 21:59 hours

CPU: total 8 (initial active 8) (4 cores per cpu, 2 threads per core) family 6 model 94 stepping 3 microcode 0xcc, cx8, cmov, fxsr, ht, mmx, 3dnowpref, sse, sse2, sse3, ssse3, sse4.1, sse4.2, popcnt, lzcnt, tsc, tscinvbit, avx, avx2, aes, erms, clmul, bmi1, bmi2, rtm, adx, fma, vzeroupper, clflush, clflushopt

Memory: 4k page, system-wide physical 8071M (860M free)
TotalPageFile size 12167M (AvailPageFile size 3M)
current process WorkingSet (physical memory assigned to process): 44M, peak: 44M
current process commit charge ("private bytes"): 213M, peak: 213M

vm_info: OpenJDK 64-Bit Server VM (16.0.2+7-67) for windows-amd64 JRE (16.0.2+7-67), built on Jun  8 2021 23:21:43 by "mach5one" with MS VC++ 16.7 (VS2019)

END.
